#
# There is insufficient memory for the Java Runtime Environment to continue.
# Native memory allocation (malloc) failed to allocate 32744 bytes. Error detail: Chunk::new
# Possible reasons:
#   The system is out of physical RAM or swap space
#   This process is running with CompressedOops enabled, and the Java Heap may be blocking the growth of the native heap
# Possible solutions:
#   Reduce memory load on the system
#   Increase physical memory or swap space
#   Check if swap backing store is full
#   Decrease Java heap size (-Xmx/-Xms)
#   Decrease number of Java threads
#   Decrease Java thread stack sizes (-Xss)
#   Set larger code cache with -XX:ReservedCodeCacheSize=
#   JVM is running with Unscaled Compressed Oops mode in which the Java heap is
#     placed in the first 4GB address space. The Java Heap base address is the
#     maximum limit for the native heap growth. Please use -XX:HeapBaseMinAddress
#     to set the Java Heap base and to place the Java Heap above 4GB virtual address.
# This output file may be truncated or incomplete.
#
#  Out of Memory Error (arena.cpp:168), pid=25464, tid=25088
#
# JRE version: OpenJDK Runtime Environment Temurin-21.0.7+6 (21.0.7+6) (build 21.0.7+6-LTS)
# Java VM: OpenJDK 64-Bit Server VM Temurin-21.0.7+6 (21.0.7+6-LTS, mixed mode, sharing, tiered, compressed oops, compressed class ptrs, parallel gc, windows-amd64)
# No core dump will be written. Minidumps are not enabled by default on client versions of Windows
#

---------------  S U M M A R Y ------------

Command Line: --add-modules=ALL-SYSTEM --add-opens=java.base/java.util=ALL-UNNAMED --add-opens=java.base/java.lang=ALL-UNNAMED --add-opens=java.base/sun.nio.fs=ALL-UNNAMED -Declipse.application=org.eclipse.jdt.ls.core.id1 -Dosgi.bundles.defaultStartLevel=4 -Declipse.product=org.eclipse.jdt.ls.core.product -Djava.import.generatesMetadataFilesAtProjectRoot=false -DDetectVMInstallationsJob.disabled=true -Dfile.encoding=utf8 -XX:+UseParallelGC -XX:GCTimeRatio=4 -XX:AdaptiveSizePolicyWeight=90 -Dsun.zip.disableMemoryMapping=true -Xmx1G -Xms100m -Xlog:disable -javaagent:c:\Users\Adish\.vscode\extensions\redhat.java-1.42.0-win32-x64\lombok\lombok-1.18.36.jar -XX:+HeapDumpOnOutOfMemoryError -XX:HeapDumpPath=c:\Users\Adish\AppData\Roaming\Code\User\workspaceStorage\0483328f2fe65e44ffaa8435100512e4\redhat.java -Daether.dependencyCollector.impl=bf c:\Users\Adish\.vscode\extensions\redhat.java-1.42.0-win32-x64\server\plugins\org.eclipse.equinox.launcher_1.7.0.v20250424-1814.jar -configuration c:\Users\Adish\AppData\Roaming\Code\User\globalStorage\redhat.java\1.42.0\config_win -data c:\Users\Adish\AppData\Roaming\Code\User\workspaceStorage\0483328f2fe65e44ffaa8435100512e4\redhat.java\jdt_ws --pipe=\\.\pipe\lsp-40ccf5fff07087372832e0275834a4c5-sock

Host: Intel(R) Core(TM) i5-10210U CPU @ 1.60GHz, 8 cores, 7G,  Windows 11 , 64 bit Build 22621 (10.0.22621.5124)
Time: Sat May 17 02:40:02 2025 India Standard Time elapsed time: 59.925015 seconds (0d 0h 0m 59s)

---------------  T H R E A D  ---------------

Current thread (0x0000016c141dabb0):  JavaThread "C1 CompilerThread0" daemon [_thread_in_native, id=25088, stack(0x0000000ae1900000,0x0000000ae1a00000) (1024K)]


Current CompileTask:
C1:59925 8618       1       com.google.common.collect.EvictingQueue::delegate (5 bytes)

Stack: [0x0000000ae1900000,0x0000000ae1a00000]
Native frames: (J=compiled Java code, j=interpreted, Vv=VM code, C=native code)
V  [jvm.dll+0x6ce119]
V  [jvm.dll+0x8a84a1]
V  [jvm.dll+0x8aa9ce]
V  [jvm.dll+0x8ab0b3]
V  [jvm.dll+0x27f8a6]
V  [jvm.dll+0xc507d]
V  [jvm.dll+0xc55b3]
V  [jvm.dll+0x2814e0]
V  [jvm.dll+0x1531f0]
V  [jvm.dll+0x152736]
V  [jvm.dll+0x15450d]
V  [jvm.dll+0x25695a]
V  [jvm.dll+0x254efa]
V  [jvm.dll+0x3f03f6]
V  [jvm.dll+0x851f6b]
V  [jvm.dll+0x6cc7dd]
C  [ucrtbase.dll+0x29333]
C  [KERNEL32.DLL+0x1259d]
C  [ntdll.dll+0x5af38]


---------------  P R O C E S S  ---------------

Threads class SMR info:
_java_thread_list=0x0000016c1f613250, length=46, elements={
0x0000016bbed7c420, 0x0000016c141beea0, 0x0000016c141bff00, 0x0000016c141c73e0,
0x0000016c141c82f0, 0x0000016c141c96a0, 0x0000016c141d7f20, 0x0000016c141d8fa0,
0x0000016c141dabb0, 0x0000016c15c214b0, 0x0000016c15e91560, 0x0000016c1a60b0c0,
0x0000016c1a7e2030, 0x0000016c1a1ee350, 0x0000016c1a1ecfa0, 0x0000016c1a1ed630,
0x0000016c1a1eb560, 0x0000016c1a1eaed0, 0x0000016c1a1ec910, 0x0000016c1a1edcc0,
0x0000016c1bddb070, 0x0000016c1bddde60, 0x0000016c1bddd7d0, 0x0000016c1bdde4f0,
0x0000016c1bddbd90, 0x0000016c1bdd7bf0, 0x0000016c1bddd140, 0x0000016c1bdd8fa0,
0x0000016c1bddcab0, 0x0000016c1bddeb80, 0x0000016c1bddf210, 0x0000016c1bdd8280,
0x0000016c1bdd8910, 0x0000016c1bdd9630, 0x0000016c1bdda350, 0x0000016c1bdd9cc0,
0x0000016c1bdda9e0, 0x0000016c1bddb700, 0x0000016c1a1ec280, 0x0000016c1e6179c0,
0x0000016c1e6186e0, 0x0000016c1e61d5a0, 0x0000016c1e61c1f0, 0x0000016c1e618050,
0x0000016c1e61cf10, 0x0000016c1e617330
}

Java Threads: ( => current thread )
  0x0000016bbed7c420 JavaThread "main"                              [_thread_blocked, id=13936, stack(0x0000000ae0e00000,0x0000000ae0f00000) (1024K)]
  0x0000016c141beea0 JavaThread "Reference Handler"          daemon [_thread_blocked, id=22652, stack(0x0000000ae1200000,0x0000000ae1300000) (1024K)]
  0x0000016c141bff00 JavaThread "Finalizer"                  daemon [_thread_blocked, id=28120, stack(0x0000000ae1300000,0x0000000ae1400000) (1024K)]
  0x0000016c141c73e0 JavaThread "Signal Dispatcher"          daemon [_thread_blocked, id=18944, stack(0x0000000ae1400000,0x0000000ae1500000) (1024K)]
  0x0000016c141c82f0 JavaThread "Attach Listener"            daemon [_thread_blocked, id=15804, stack(0x0000000ae1500000,0x0000000ae1600000) (1024K)]
  0x0000016c141c96a0 JavaThread "Service Thread"             daemon [_thread_blocked, id=19484, stack(0x0000000ae1600000,0x0000000ae1700000) (1024K)]
  0x0000016c141d7f20 JavaThread "Monitor Deflation Thread"   daemon [_thread_blocked, id=27140, stack(0x0000000ae1700000,0x0000000ae1800000) (1024K)]
  0x0000016c141d8fa0 JavaThread "C2 CompilerThread0"         daemon [_thread_in_native, id=968, stack(0x0000000ae1800000,0x0000000ae1900000) (1024K)]
=>0x0000016c141dabb0 JavaThread "C1 CompilerThread0"         daemon [_thread_in_native, id=25088, stack(0x0000000ae1900000,0x0000000ae1a00000) (1024K)]
  0x0000016c15c214b0 JavaThread "Common-Cleaner"             daemon [_thread_blocked, id=1544, stack(0x0000000ae1a00000,0x0000000ae1b00000) (1024K)]
  0x0000016c15e91560 JavaThread "Notification Thread"        daemon [_thread_blocked, id=5084, stack(0x0000000ae1c00000,0x0000000ae1d00000) (1024K)]
  0x0000016c1a60b0c0 JavaThread "Active Thread: Equinox Container: ca1b8113-41d8-49e5-81a4-3e6892bfb3c4"        [_thread_blocked, id=24272, stack(0x0000000ae2900000,0x0000000ae2a00000) (1024K)]
  0x0000016c1a7e2030 JavaThread "Framework Event Dispatcher: Equinox Container: ca1b8113-41d8-49e5-81a4-3e6892bfb3c4" daemon [_thread_blocked, id=29656, stack(0x0000000ae2a00000,0x0000000ae2b00000) (1024K)]
  0x0000016c1a1ee350 JavaThread "Start Level: Equinox Container: ca1b8113-41d8-49e5-81a4-3e6892bfb3c4" daemon [_thread_blocked, id=24728, stack(0x0000000ae2b00000,0x0000000ae2c00000) (1024K)]
  0x0000016c1a1ecfa0 JavaThread "Refresh Thread: Equinox Container: ca1b8113-41d8-49e5-81a4-3e6892bfb3c4" daemon [_thread_blocked, id=6752, stack(0x0000000ae2d00000,0x0000000ae2e00000) (1024K)]
  0x0000016c1a1ed630 JavaThread "Bundle File Closer"         daemon [_thread_blocked, id=9568, stack(0x0000000ae1b00000,0x0000000ae1c00000) (1024K)]
  0x0000016c1a1eb560 JavaThread "SCR Component Actor"        daemon [_thread_blocked, id=20776, stack(0x0000000ae3100000,0x0000000ae3200000) (1024K)]
  0x0000016c1a1eaed0 JavaThread "Worker-JM"                         [_thread_blocked, id=10900, stack(0x0000000ae2300000,0x0000000ae2400000) (1024K)]
  0x0000016c1a1ec910 JavaThread "Worker-0"                          [_thread_blocked, id=27860, stack(0x0000000ae2400000,0x0000000ae2500000) (1024K)]
  0x0000016c1a1edcc0 JavaThread "Worker-1"                          [_thread_blocked, id=10084, stack(0x0000000ae2500000,0x0000000ae2600000) (1024K)]
  0x0000016c1bddb070 JavaThread "Java indexing"              daemon [_thread_blocked, id=9876, stack(0x0000000ae2600000,0x0000000ae2700000) (1024K)]
  0x0000016c1bddde60 JavaThread "Worker-2: Initialize Workspace"        [_thread_in_Java, id=24180, stack(0x0000000ae2700000,0x0000000ae2800000) (1024K)]
  0x0000016c1bddd7d0 JavaThread "JNA Cleaner"                daemon [_thread_blocked, id=8668, stack(0x0000000ae2800000,0x0000000ae2900000) (1024K)]
  0x0000016c1bdde4f0 JavaThread "Worker-3"                          [_thread_blocked, id=16044, stack(0x0000000ae2e00000,0x0000000ae2f00000) (1024K)]
  0x0000016c1bddbd90 JavaThread "Worker-4"                          [_thread_blocked, id=19000, stack(0x0000000ae2f00000,0x0000000ae3000000) (1024K)]
  0x0000016c1bdd7bf0 JavaThread "Worker-5"                          [_thread_blocked, id=20016, stack(0x0000000ae3300000,0x0000000ae3400000) (1024K)]
  0x0000016c1bddd140 JavaThread "Thread-2"                   daemon [_thread_in_native, id=24620, stack(0x0000000ae3400000,0x0000000ae3500000) (1024K)]
  0x0000016c1bdd8fa0 JavaThread "Thread-3"                   daemon [_thread_in_native, id=20460, stack(0x0000000ae3500000,0x0000000ae3600000) (1024K)]
  0x0000016c1bddcab0 JavaThread "Thread-4"                   daemon [_thread_in_native, id=12616, stack(0x0000000ae3600000,0x0000000ae3700000) (1024K)]
  0x0000016c1bddeb80 JavaThread "Thread-5"                   daemon [_thread_in_native, id=19328, stack(0x0000000ae3700000,0x0000000ae3800000) (1024K)]
  0x0000016c1bddf210 JavaThread "Thread-6"                   daemon [_thread_in_native, id=22592, stack(0x0000000ae3800000,0x0000000ae3900000) (1024K)]
  0x0000016c1bdd8280 JavaThread "Thread-7"                   daemon [_thread_in_native, id=4656, stack(0x0000000ae3900000,0x0000000ae3a00000) (1024K)]
  0x0000016c1bdd8910 JavaThread "Thread-8"                   daemon [_thread_in_native, id=23028, stack(0x0000000ae3a00000,0x0000000ae3b00000) (1024K)]
  0x0000016c1bdd9630 JavaThread "Thread-9"                   daemon [_thread_in_native, id=29120, stack(0x0000000ae3b00000,0x0000000ae3c00000) (1024K)]
  0x0000016c1bdda350 JavaThread "Thread-10"                  daemon [_thread_in_native, id=19800, stack(0x0000000ae3c00000,0x0000000ae3d00000) (1024K)]
  0x0000016c1bdd9cc0 JavaThread "pool-2-thread-1"                   [_thread_blocked, id=12136, stack(0x0000000ae3d00000,0x0000000ae3e00000) (1024K)]
  0x0000016c1bdda9e0 JavaThread "WorkspaceEventsHandler"            [_thread_blocked, id=13568, stack(0x0000000ae3e00000,0x0000000ae3f00000) (1024K)]
  0x0000016c1bddb700 JavaThread "pool-1-thread-1"                   [_thread_blocked, id=1032, stack(0x0000000ae3f00000,0x0000000ae4000000) (1024K)]
  0x0000016c1a1ec280 JavaThread "Timer-0"                           [_thread_blocked, id=13000, stack(0x0000000ae3200000,0x0000000ae3300000) (1024K)]
  0x0000016c1e6179c0 JavaThread "Exec process"                      [_thread_blocked, id=24688, stack(0x0000000ae3000000,0x0000000ae3100000) (1024K)]
  0x0000016c1e6186e0 JavaThread "Exec process Thread 2"             [_thread_blocked, id=21112, stack(0x0000000ae4b00000,0x0000000ae4c00000) (1024K)]
  0x0000016c1e61d5a0 JavaThread "Exec process Thread 3"             [_thread_blocked, id=1140, stack(0x0000000ae4c00000,0x0000000ae4d00000) (1024K)]
  0x0000016c1e61c1f0 JavaThread "Timer-1"                           [_thread_blocked, id=25224, stack(0x0000000ae4a00000,0x0000000ae4b00000) (1024K)]
  0x0000016c1e618050 JavaThread "Timer-2"                           [_thread_blocked, id=22536, stack(0x0000000ae4d00000,0x0000000ae4e00000) (1024K)]
  0x0000016c1e61cf10 JavaThread "Timer-3"                           [_thread_blocked, id=3776, stack(0x0000000ae4e00000,0x0000000ae4f00000) (1024K)]
  0x0000016c1e617330 JavaThread "Timer-4"                           [_thread_blocked, id=17552, stack(0x0000000ae4f00000,0x0000000ae5000000) (1024K)]
Total: 46

Other Threads:
  0x0000016c141a2600 VMThread "VM Thread"                           [id=27532, stack(0x0000000ae1100000,0x0000000ae1200000) (1024K)]
  0x0000016c140dca10 WatcherThread "VM Periodic Task Thread"        [id=17600, stack(0x0000000ae1000000,0x0000000ae1100000) (1024K)]
  0x0000016bbed9af60 WorkerThread "GC Thread#0"                     [id=22916, stack(0x0000000ae0f00000,0x0000000ae1000000) (1024K)]
  0x0000016c1a303a50 WorkerThread "GC Thread#1"                     [id=11652, stack(0x0000000ae1d00000,0x0000000ae1e00000) (1024K)]
  0x0000016c1a303df0 WorkerThread "GC Thread#2"                     [id=12084, stack(0x0000000ae1e00000,0x0000000ae1f00000) (1024K)]
  0x0000016c1a304c70 WorkerThread "GC Thread#3"                     [id=892, stack(0x0000000ae1f00000,0x0000000ae2000000) (1024K)]
  0x0000016c1a304190 WorkerThread "GC Thread#4"                     [id=29612, stack(0x0000000ae2000000,0x0000000ae2100000) (1024K)]
  0x0000016c1a304530 WorkerThread "GC Thread#5"                     [id=17276, stack(0x0000000ae2100000,0x0000000ae2200000) (1024K)]
  0x0000016c1a3048d0 WorkerThread "GC Thread#6"                     [id=29524, stack(0x0000000ae2200000,0x0000000ae2300000) (1024K)]
  0x0000016c1a2eb6c0 WorkerThread "GC Thread#7"                     [id=11208, stack(0x0000000ae2c00000,0x0000000ae2d00000) (1024K)]
Total: 10

Threads with active compile tasks:
C2 CompilerThread0  59969 8616   !   4       jdk.internal.loader.BuiltinClassLoader::loadClassOrNull (143 bytes)
C1 CompilerThread0  59969 8618       1       com.google.common.collect.EvictingQueue::delegate (5 bytes)
Total: 2

VM state: not at safepoint (normal execution)

VM Mutex/Monitor currently owned by a thread: None

Heap address: 0x00000000c0000000, size: 1024 MB, Compressed Oops mode: 32-bit

CDS archive(s) mapped at: [0x0000016bd3000000-0x0000016bd3ba0000-0x0000016bd3ba0000), size 12189696, SharedBaseAddress: 0x0000016bd3000000, ArchiveRelocationMode: 1.
Compressed class space mapped at: 0x0000016bd4000000-0x0000016c14000000, reserved size: 1073741824
Narrow klass base: 0x0000016bd3000000, Narrow klass shift: 0, Narrow klass range: 0x100000000

GC Precious Log:
 CardTable entry size: 512
 CPUs: 8 total, 8 available
 Memory: 8022M
 Large Page Support: Disabled
 NUMA Support: Disabled
 Compressed Oops: Enabled (32-bit)
 Alignments: Space 512K, Generation 512K, Heap 2M
 Heap Min Capacity: 100M
 Heap Initial Capacity: 100M
 Heap Max Capacity: 1G
 Pre-touch: Disabled
 Parallel Workers: 8

Heap:
 PSYoungGen      total 11776K, used 5751K [0x00000000eab00000, 0x00000000eb780000, 0x0000000100000000)
  eden space 11264K, 49% used [0x00000000eab00000,0x00000000eb065c98,0x00000000eb600000)
  from space 512K, 43% used [0x00000000eb700000,0x00000000eb738000,0x00000000eb780000)
  to   space 512K, 0% used [0x00000000eb680000,0x00000000eb680000,0x00000000eb700000)
 ParOldGen       total 68608K, used 46877K [0x00000000c0000000, 0x00000000c4300000, 0x00000000eab00000)
  object space 68608K, 68% used [0x00000000c0000000,0x00000000c2dc7710,0x00000000c4300000)
 Metaspace       used 68565K, committed 69952K, reserved 1114112K
  class space    used 8401K, committed 9024K, reserved 1048576K

Card table byte_map: [0x0000016bbe750000,0x0000016bbe960000] _byte_map_base: 0x0000016bbe150000

Marking Bits: (ParMarkBitMap*) 0x00007ffc210931f0
 Begin Bits: [0x0000016bd0f70000, 0x0000016bd1f70000)
 End Bits:   [0x0000016bd1f70000, 0x0000016bd2f70000)

Polling page: 0x0000016bbe540000

Metaspace:

Usage:
  Non-class:     58.75 MB used.
      Class:      8.20 MB used.
       Both:     66.96 MB used.

Virtual space:
  Non-class space:       64.00 MB reserved,      59.50 MB ( 93%) committed,  1 nodes.
      Class space:        1.00 GB reserved,       8.81 MB ( <1%) committed,  1 nodes.
             Both:        1.06 GB reserved,      68.31 MB (  6%) committed. 

Chunk freelists:
   Non-Class:  4.05 MB
       Class:  7.09 MB
        Both:  11.14 MB

MaxMetaspaceSize: unlimited
CompressedClassSpaceSize: 1.00 GB
Initial GC threshold: 21.00 MB
Current GC threshold: 97.31 MB
CDS: on
 - commit_granule_bytes: 65536.
 - commit_granule_words: 8192.
 - virtual_space_node_default_size: 8388608.
 - enlarge_chunks_in_place: 1.
 - use_allocation_guard: 0.


Internal statistics:

num_allocs_failed_limit: 9.
num_arena_births: 1150.
num_arena_deaths: 28.
num_vsnodes_births: 2.
num_vsnodes_deaths: 0.
num_space_committed: 1093.
num_space_uncommitted: 0.
num_chunks_returned_to_freelist: 43.
num_chunks_taken_from_freelist: 3901.
num_chunk_merges: 15.
num_chunk_splits: 2570.
num_chunks_enlarged: 1630.
num_inconsistent_stats: 0.

CodeHeap 'non-profiled nmethods': size=120000Kb used=4943Kb max_used=4943Kb free=115056Kb
 bounds [0x0000016bc9a40000, 0x0000016bc9f20000, 0x0000016bd0f70000]
CodeHeap 'profiled nmethods': size=120000Kb used=15398Kb max_used=15398Kb free=104601Kb
 bounds [0x0000016bc1f70000, 0x0000016bc2e80000, 0x0000016bc94a0000]
CodeHeap 'non-nmethods': size=5760Kb used=1423Kb max_used=1498Kb free=4336Kb
 bounds [0x0000016bc94a0000, 0x0000016bc9710000, 0x0000016bc9a40000]
 total_blobs=8518 nmethods=7788 adapters=636
 compilation: enabled
              stopped_count=0, restarted_count=0
 full_count=0

Compilation events (20 events):
Event: 55.551 Thread 0x0000016c141dabb0 8607       3       java.util.concurrent.locks.AbstractQueuedSynchronizer$ConditionObject::awaitNanos (207 bytes)
Event: 55.553 Thread 0x0000016c141dabb0 nmethod 8607 0x0000016bc2e72e10 code [0x0000016bc2e73100, 0x0000016bc2e73fb0]
Event: 55.652 Thread 0x0000016c141dabb0 8608       3       java.util.concurrent.ScheduledThreadPoolExecutor$DelayedWorkQueue::take (5 bytes)
Event: 55.652 Thread 0x0000016c141dabb0 nmethod 8608 0x0000016bc2e74510 code [0x0000016bc2e746c0, 0x0000016bc2e74818]
Event: 55.652 Thread 0x0000016c141dabb0 8609   !   3       java.util.concurrent.ScheduledThreadPoolExecutor$DelayedWorkQueue::take (203 bytes)
Event: 55.655 Thread 0x0000016c141dabb0 nmethod 8609 0x0000016bc2e74910 code [0x0000016bc2e74ce0, 0x0000016bc2e76580]
Event: 55.949 Thread 0x0000016c141dabb0 8610       3       java.util.concurrent.ScheduledThreadPoolExecutor$ScheduledFutureTask::run (57 bytes)
Event: 55.949 Thread 0x0000016c141dabb0 nmethod 8610 0x0000016bc2e77090 code [0x0000016bc2e772c0, 0x0000016bc2e77750]
Event: 56.449 Thread 0x0000016c141dabb0 8611   !   3       org.gradle.internal.logging.console.ThrottlingOutputEventListener$1::run (42 bytes)
Event: 56.451 Thread 0x0000016c141dabb0 nmethod 8611 0x0000016bc2e77910 code [0x0000016bc2e77b80, 0x0000016bc2e784c8]
Event: 56.451 Thread 0x0000016c141dabb0 8613       3       org.gradle.internal.logging.sink.GroupingProgressLogEventGenerator::onUpdateNow (54 bytes)
Event: 56.452 Thread 0x0000016c141dabb0 nmethod 8613 0x0000016bc2e78990 code [0x0000016bc2e78ba0, 0x0000016bc2e79290]
Event: 56.452 Thread 0x0000016c141dabb0 8612       3       org.gradle.internal.logging.events.UpdateNowEvent::<init> (10 bytes)
Event: 56.452 Thread 0x0000016c141dabb0 nmethod 8612 0x0000016bc2e79490 code [0x0000016bc2e79640, 0x0000016bc2e79808]
Event: 57.692 Thread 0x0000016c141d8fa0 8614       4       java.util.stream.AbstractPipeline::wrapAndCopyInto (18 bytes)
Event: 57.709 Thread 0x0000016c141d8fa0 nmethod 8614 0x0000016bc9f13110 code [0x0000016bc9f132e0, 0x0000016bc9f135a8]
Event: 59.873 Thread 0x0000016c141dabb0 8615       1       org.gradle.internal.logging.events.CategorisedOutputEvent::getLogLevel (5 bytes)
Event: 59.873 Thread 0x0000016c141dabb0 nmethod 8615 0x0000016bc9f13890 code [0x0000016bc9f13a20, 0x0000016bc9f13ae8]
Event: 59.920 Thread 0x0000016c141d8fa0 8616   !   4       jdk.internal.loader.BuiltinClassLoader::loadClassOrNull (143 bytes)
Event: 59.923 Thread 0x0000016c141dabb0 8618       1       com.google.common.collect.EvictingQueue::delegate (5 bytes)

GC Heap History (20 events):
Event: 30.431 GC heap before
{Heap before GC invocations=56 (full 3):
 PSYoungGen      total 12288K, used 12270K [0x00000000eab00000, 0x00000000ebb80000, 0x0000000100000000)
  eden space 11264K, 100% used [0x00000000eab00000,0x00000000eb600000,0x00000000eb600000)
  from space 1024K, 98% used [0x00000000eb880000,0x00000000eb97bb70,0x00000000eb980000)
  to   space 2560K, 0% used [0x00000000eb600000,0x00000000eb600000,0x00000000eb880000)
 ParOldGen       total 68608K, used 44718K [0x00000000c0000000, 0x00000000c4300000, 0x00000000eab00000)
  object space 68608K, 65% used [0x00000000c0000000,0x00000000c2bab978,0x00000000c4300000)
 Metaspace       used 66577K, committed 67904K, reserved 1114112K
  class space    used 8156K, committed 8768K, reserved 1048576K
}
Event: 30.432 GC heap after
{Heap after GC invocations=56 (full 3):
 PSYoungGen      total 11776K, used 320K [0x00000000eab00000, 0x00000000eb900000, 0x0000000100000000)
  eden space 11264K, 0% used [0x00000000eab00000,0x00000000eab00000,0x00000000eb600000)
  from space 512K, 62% used [0x00000000eb600000,0x00000000eb650000,0x00000000eb680000)
  to   space 1024K, 0% used [0x00000000eb800000,0x00000000eb800000,0x00000000eb900000)
 ParOldGen       total 68608K, used 44774K [0x00000000c0000000, 0x00000000c4300000, 0x00000000eab00000)
  object space 68608K, 65% used [0x00000000c0000000,0x00000000c2bb9978,0x00000000c4300000)
 Metaspace       used 66577K, committed 67904K, reserved 1114112K
  class space    used 8156K, committed 8768K, reserved 1048576K
}
Event: 30.496 GC heap before
{Heap before GC invocations=57 (full 3):
 PSYoungGen      total 11776K, used 11584K [0x00000000eab00000, 0x00000000eb900000, 0x0000000100000000)
  eden space 11264K, 100% used [0x00000000eab00000,0x00000000eb600000,0x00000000eb600000)
  from space 512K, 62% used [0x00000000eb600000,0x00000000eb650000,0x00000000eb680000)
  to   space 1024K, 0% used [0x00000000eb800000,0x00000000eb800000,0x00000000eb900000)
 ParOldGen       total 68608K, used 44774K [0x00000000c0000000, 0x00000000c4300000, 0x00000000eab00000)
  object space 68608K, 65% used [0x00000000c0000000,0x00000000c2bb9978,0x00000000c4300000)
 Metaspace       used 66577K, committed 67904K, reserved 1114112K
  class space    used 8156K, committed 8768K, reserved 1048576K
}
Event: 30.497 GC heap after
{Heap after GC invocations=57 (full 3):
 PSYoungGen      total 12288K, used 1003K [0x00000000eab00000, 0x00000000eb900000, 0x0000000100000000)
  eden space 11264K, 0% used [0x00000000eab00000,0x00000000eab00000,0x00000000eb600000)
  from space 1024K, 98% used [0x00000000eb800000,0x00000000eb8faee8,0x00000000eb900000)
  to   space 1536K, 0% used [0x00000000eb600000,0x00000000eb600000,0x00000000eb780000)
 ParOldGen       total 68608K, used 45058K [0x00000000c0000000, 0x00000000c4300000, 0x00000000eab00000)
  object space 68608K, 65% used [0x00000000c0000000,0x00000000c2c00960,0x00000000c4300000)
 Metaspace       used 66577K, committed 67904K, reserved 1114112K
  class space    used 8156K, committed 8768K, reserved 1048576K
}
Event: 30.563 GC heap before
{Heap before GC invocations=58 (full 3):
 PSYoungGen      total 12288K, used 12267K [0x00000000eab00000, 0x00000000eb900000, 0x0000000100000000)
  eden space 11264K, 100% used [0x00000000eab00000,0x00000000eb600000,0x00000000eb600000)
  from space 1024K, 98% used [0x00000000eb800000,0x00000000eb8faee8,0x00000000eb900000)
  to   space 1536K, 0% used [0x00000000eb600000,0x00000000eb600000,0x00000000eb780000)
 ParOldGen       total 68608K, used 45058K [0x00000000c0000000, 0x00000000c4300000, 0x00000000eab00000)
  object space 68608K, 65% used [0x00000000c0000000,0x00000000c2c00960,0x00000000c4300000)
 Metaspace       used 66577K, committed 67904K, reserved 1114112K
  class space    used 8156K, committed 8768K, reserved 1048576K
}
Event: 30.564 GC heap after
{Heap after GC invocations=58 (full 3):
 PSYoungGen      total 12800K, used 256K [0x00000000eab00000, 0x00000000eb880000, 0x0000000100000000)
  eden space 11264K, 0% used [0x00000000eab00000,0x00000000eab00000,0x00000000eb600000)
  from space 1536K, 16% used [0x00000000eb600000,0x00000000eb640000,0x00000000eb780000)
  to   space 1024K, 0% used [0x00000000eb780000,0x00000000eb780000,0x00000000eb880000)
 ParOldGen       total 68608K, used 45114K [0x00000000c0000000, 0x00000000c4300000, 0x00000000eab00000)
  object space 68608K, 65% used [0x00000000c0000000,0x00000000c2c0e960,0x00000000c4300000)
 Metaspace       used 66577K, committed 67904K, reserved 1114112K
  class space    used 8156K, committed 8768K, reserved 1048576K
}
Event: 30.618 GC heap before
{Heap before GC invocations=59 (full 3):
 PSYoungGen      total 12800K, used 11520K [0x00000000eab00000, 0x00000000eb880000, 0x0000000100000000)
  eden space 11264K, 100% used [0x00000000eab00000,0x00000000eb600000,0x00000000eb600000)
  from space 1536K, 16% used [0x00000000eb600000,0x00000000eb640000,0x00000000eb780000)
  to   space 1024K, 0% used [0x00000000eb780000,0x00000000eb780000,0x00000000eb880000)
 ParOldGen       total 68608K, used 45114K [0x00000000c0000000, 0x00000000c4300000, 0x00000000eab00000)
  object space 68608K, 65% used [0x00000000c0000000,0x00000000c2c0e960,0x00000000c4300000)
 Metaspace       used 66577K, committed 67904K, reserved 1114112K
  class space    used 8156K, committed 8768K, reserved 1048576K
}
Event: 30.619 GC heap after
{Heap after GC invocations=59 (full 3):
 PSYoungGen      total 12288K, used 1006K [0x00000000eab00000, 0x00000000eb900000, 0x0000000100000000)
  eden space 11264K, 0% used [0x00000000eab00000,0x00000000eab00000,0x00000000eb600000)
  from space 1024K, 98% used [0x00000000eb780000,0x00000000eb87ba50,0x00000000eb880000)
  to   space 1536K, 0% used [0x00000000eb600000,0x00000000eb600000,0x00000000eb780000)
 ParOldGen       total 68608K, used 45203K [0x00000000c0000000, 0x00000000c4300000, 0x00000000eab00000)
  object space 68608K, 65% used [0x00000000c0000000,0x00000000c2c24e18,0x00000000c4300000)
 Metaspace       used 66577K, committed 67904K, reserved 1114112K
  class space    used 8156K, committed 8768K, reserved 1048576K
}
Event: 30.671 GC heap before
{Heap before GC invocations=60 (full 3):
 PSYoungGen      total 12288K, used 12270K [0x00000000eab00000, 0x00000000eb900000, 0x0000000100000000)
  eden space 11264K, 100% used [0x00000000eab00000,0x00000000eb600000,0x00000000eb600000)
  from space 1024K, 98% used [0x00000000eb780000,0x00000000eb87ba50,0x00000000eb880000)
  to   space 1536K, 0% used [0x00000000eb600000,0x00000000eb600000,0x00000000eb780000)
 ParOldGen       total 68608K, used 45203K [0x00000000c0000000, 0x00000000c4300000, 0x00000000eab00000)
  object space 68608K, 65% used [0x00000000c0000000,0x00000000c2c24e18,0x00000000c4300000)
 Metaspace       used 66577K, committed 67904K, reserved 1114112K
  class space    used 8156K, committed 8768K, reserved 1048576K
}
Event: 30.671 GC heap after
{Heap after GC invocations=60 (full 3):
 PSYoungGen      total 11776K, used 224K [0x00000000eab00000, 0x00000000eb800000, 0x0000000100000000)
  eden space 11264K, 0% used [0x00000000eab00000,0x00000000eab00000,0x00000000eb600000)
  from space 512K, 43% used [0x00000000eb600000,0x00000000eb638000,0x00000000eb680000)
  to   space 1024K, 0% used [0x00000000eb700000,0x00000000eb700000,0x00000000eb800000)
 ParOldGen       total 68608K, used 45396K [0x00000000c0000000, 0x00000000c4300000, 0x00000000eab00000)
  object space 68608K, 66% used [0x00000000c0000000,0x00000000c2c550d8,0x00000000c4300000)
 Metaspace       used 66577K, committed 67904K, reserved 1114112K
  class space    used 8156K, committed 8768K, reserved 1048576K
}
Event: 30.735 GC heap before
{Heap before GC invocations=61 (full 3):
 PSYoungGen      total 11776K, used 11488K [0x00000000eab00000, 0x00000000eb800000, 0x0000000100000000)
  eden space 11264K, 100% used [0x00000000eab00000,0x00000000eb600000,0x00000000eb600000)
  from space 512K, 43% used [0x00000000eb600000,0x00000000eb638000,0x00000000eb680000)
  to   space 1024K, 0% used [0x00000000eb700000,0x00000000eb700000,0x00000000eb800000)
 ParOldGen       total 68608K, used 45396K [0x00000000c0000000, 0x00000000c4300000, 0x00000000eab00000)
  object space 68608K, 66% used [0x00000000c0000000,0x00000000c2c550d8,0x00000000c4300000)
 Metaspace       used 66577K, committed 67904K, reserved 1114112K
  class space    used 8156K, committed 8768K, reserved 1048576K
}
Event: 30.736 GC heap after
{Heap after GC invocations=61 (full 3):
 PSYoungGen      total 12288K, used 898K [0x00000000eab00000, 0x00000000eb800000, 0x0000000100000000)
  eden space 11264K, 0% used [0x00000000eab00000,0x00000000eab00000,0x00000000eb600000)
  from space 1024K, 87% used [0x00000000eb700000,0x00000000eb7e0b68,0x00000000eb800000)
  to   space 1024K, 0% used [0x00000000eb600000,0x00000000eb600000,0x00000000eb700000)
 ParOldGen       total 68608K, used 45460K [0x00000000c0000000, 0x00000000c4300000, 0x00000000eab00000)
  object space 68608K, 66% used [0x00000000c0000000,0x00000000c2c650e8,0x00000000c4300000)
 Metaspace       used 66577K, committed 67904K, reserved 1114112K
  class space    used 8156K, committed 8768K, reserved 1048576K
}
Event: 30.784 GC heap before
{Heap before GC invocations=62 (full 3):
 PSYoungGen      total 12288K, used 12162K [0x00000000eab00000, 0x00000000eb800000, 0x0000000100000000)
  eden space 11264K, 100% used [0x00000000eab00000,0x00000000eb600000,0x00000000eb600000)
  from space 1024K, 87% used [0x00000000eb700000,0x00000000eb7e0b68,0x00000000eb800000)
  to   space 1024K, 0% used [0x00000000eb600000,0x00000000eb600000,0x00000000eb700000)
 ParOldGen       total 68608K, used 45460K [0x00000000c0000000, 0x00000000c4300000, 0x00000000eab00000)
  object space 68608K, 66% used [0x00000000c0000000,0x00000000c2c650e8,0x00000000c4300000)
 Metaspace       used 66577K, committed 67904K, reserved 1114112K
  class space    used 8156K, committed 8768K, reserved 1048576K
}
Event: 30.784 GC heap after
{Heap after GC invocations=62 (full 3):
 PSYoungGen      total 12288K, used 256K [0x00000000eab00000, 0x00000000eb780000, 0x0000000100000000)
  eden space 11264K, 0% used [0x00000000eab00000,0x00000000eab00000,0x00000000eb600000)
  from space 1024K, 25% used [0x00000000eb600000,0x00000000eb640000,0x00000000eb700000)
  to   space 512K, 0% used [0x00000000eb700000,0x00000000eb700000,0x00000000eb780000)
 ParOldGen       total 68608K, used 46053K [0x00000000c0000000, 0x00000000c4300000, 0x00000000eab00000)
  object space 68608K, 67% used [0x00000000c0000000,0x00000000c2cf96d0,0x00000000c4300000)
 Metaspace       used 66577K, committed 67904K, reserved 1114112K
  class space    used 8156K, committed 8768K, reserved 1048576K
}
Event: 30.927 GC heap before
{Heap before GC invocations=63 (full 3):
 PSYoungGen      total 12288K, used 11520K [0x00000000eab00000, 0x00000000eb780000, 0x0000000100000000)
  eden space 11264K, 100% used [0x00000000eab00000,0x00000000eb600000,0x00000000eb600000)
  from space 1024K, 25% used [0x00000000eb600000,0x00000000eb640000,0x00000000eb700000)
  to   space 512K, 0% used [0x00000000eb700000,0x00000000eb700000,0x00000000eb780000)
 ParOldGen       total 68608K, used 46053K [0x00000000c0000000, 0x00000000c4300000, 0x00000000eab00000)
  object space 68608K, 67% used [0x00000000c0000000,0x00000000c2cf96d0,0x00000000c4300000)
 Metaspace       used 67274K, committed 68608K, reserved 1114112K
  class space    used 8267K, committed 8896K, reserved 1048576K
}
Event: 30.929 GC heap after
{Heap after GC invocations=63 (full 3):
 PSYoungGen      total 11776K, used 480K [0x00000000eab00000, 0x00000000eb800000, 0x0000000100000000)
  eden space 11264K, 0% used [0x00000000eab00000,0x00000000eab00000,0x00000000eb600000)
  from space 512K, 93% used [0x00000000eb700000,0x00000000eb778010,0x00000000eb780000)
  to   space 1024K, 0% used [0x00000000eb600000,0x00000000eb600000,0x00000000eb700000)
 ParOldGen       total 68608K, used 46117K [0x00000000c0000000, 0x00000000c4300000, 0x00000000eab00000)
  object space 68608K, 67% used [0x00000000c0000000,0x00000000c2d096e0,0x00000000c4300000)
 Metaspace       used 67274K, committed 68608K, reserved 1114112K
  class space    used 8267K, committed 8896K, reserved 1048576K
}
Event: 49.179 GC heap before
{Heap before GC invocations=64 (full 3):
 PSYoungGen      total 11776K, used 11744K [0x00000000eab00000, 0x00000000eb800000, 0x0000000100000000)
  eden space 11264K, 100% used [0x00000000eab00000,0x00000000eb600000,0x00000000eb600000)
  from space 512K, 93% used [0x00000000eb700000,0x00000000eb778010,0x00000000eb780000)
  to   space 1024K, 0% used [0x00000000eb600000,0x00000000eb600000,0x00000000eb700000)
 ParOldGen       total 68608K, used 46117K [0x00000000c0000000, 0x00000000c4300000, 0x00000000eab00000)
  object space 68608K, 67% used [0x00000000c0000000,0x00000000c2d096e0,0x00000000c4300000)
 Metaspace       used 68242K, committed 69568K, reserved 1114112K
  class space    used 8371K, committed 8960K, reserved 1048576K
}
Event: 49.182 GC heap after
{Heap after GC invocations=64 (full 3):
 PSYoungGen      total 12288K, used 576K [0x00000000eab00000, 0x00000000eb800000, 0x0000000100000000)
  eden space 11264K, 0% used [0x00000000eab00000,0x00000000eab00000,0x00000000eb600000)
  from space 1024K, 56% used [0x00000000eb600000,0x00000000eb690000,0x00000000eb700000)
  to   space 1024K, 0% used [0x00000000eb700000,0x00000000eb700000,0x00000000eb800000)
 ParOldGen       total 68608K, used 46389K [0x00000000c0000000, 0x00000000c4300000, 0x00000000eab00000)
  object space 68608K, 67% used [0x00000000c0000000,0x00000000c2d4d6f0,0x00000000c4300000)
 Metaspace       used 68242K, committed 69568K, reserved 1114112K
  class space    used 8371K, committed 8960K, reserved 1048576K
}
Event: 52.767 GC heap before
{Heap before GC invocations=65 (full 3):
 PSYoungGen      total 12288K, used 11840K [0x00000000eab00000, 0x00000000eb800000, 0x0000000100000000)
  eden space 11264K, 100% used [0x00000000eab00000,0x00000000eb600000,0x00000000eb600000)
  from space 1024K, 56% used [0x00000000eb600000,0x00000000eb690000,0x00000000eb700000)
  to   space 1024K, 0% used [0x00000000eb700000,0x00000000eb700000,0x00000000eb800000)
 ParOldGen       total 68608K, used 46389K [0x00000000c0000000, 0x00000000c4300000, 0x00000000eab00000)
  object space 68608K, 67% used [0x00000000c0000000,0x00000000c2d4d6f0,0x00000000c4300000)
 Metaspace       used 68378K, committed 69760K, reserved 1114112K
  class space    used 8373K, committed 8960K, reserved 1048576K
}
Event: 52.770 GC heap after
{Heap after GC invocations=65 (full 3):
 PSYoungGen      total 11776K, used 224K [0x00000000eab00000, 0x00000000eb780000, 0x0000000100000000)
  eden space 11264K, 0% used [0x00000000eab00000,0x00000000eab00000,0x00000000eb600000)
  from space 512K, 43% used [0x00000000eb700000,0x00000000eb738000,0x00000000eb780000)
  to   space 512K, 0% used [0x00000000eb680000,0x00000000eb680000,0x00000000eb700000)
 ParOldGen       total 68608K, used 46877K [0x00000000c0000000, 0x00000000c4300000, 0x00000000eab00000)
  object space 68608K, 68% used [0x00000000c0000000,0x00000000c2dc7710,0x00000000c4300000)
 Metaspace       used 68378K, committed 69760K, reserved 1114112K
  class space    used 8373K, committed 8960K, reserved 1048576K
}

Dll operation events (15 events):
Event: 0.066 Loaded shared library c:\Users\Adish\.vscode\extensions\redhat.java-1.42.0-win32-x64\jre\21.0.7-win32-x86_64\bin\java.dll
Event: 0.135 Loaded shared library c:\Users\Adish\.vscode\extensions\redhat.java-1.42.0-win32-x64\jre\21.0.7-win32-x86_64\bin\zip.dll
Event: 0.162 Loaded shared library C:\Users\Adish\.vscode\extensions\redhat.java-1.42.0-win32-x64\jre\21.0.7-win32-x86_64\bin\instrument.dll
Event: 0.167 Loaded shared library C:\Users\Adish\.vscode\extensions\redhat.java-1.42.0-win32-x64\jre\21.0.7-win32-x86_64\bin\net.dll
Event: 0.169 Loaded shared library C:\Users\Adish\.vscode\extensions\redhat.java-1.42.0-win32-x64\jre\21.0.7-win32-x86_64\bin\nio.dll
Event: 0.173 Loaded shared library C:\Users\Adish\.vscode\extensions\redhat.java-1.42.0-win32-x64\jre\21.0.7-win32-x86_64\bin\zip.dll
Event: 0.195 Loaded shared library C:\Users\Adish\.vscode\extensions\redhat.java-1.42.0-win32-x64\jre\21.0.7-win32-x86_64\bin\jimage.dll
Event: 0.321 Loaded shared library c:\Users\Adish\.vscode\extensions\redhat.java-1.42.0-win32-x64\jre\21.0.7-win32-x86_64\bin\verify.dll
Event: 8.962 Loaded shared library C:\Users\Adish\AppData\Roaming\Code\User\globalStorage\redhat.java\1.42.0\config_win\org.eclipse.equinox.launcher\org.eclipse.equinox.launcher.win32.win32.x86_64_1.2.1300.v20250331-1702\eclipse_11911.dll
Event: 19.481 Loaded shared library C:\Users\Adish\.vscode\extensions\redhat.java-1.42.0-win32-x64\jre\21.0.7-win32-x86_64\bin\management.dll
Event: 19.485 Loaded shared library C:\Users\Adish\.vscode\extensions\redhat.java-1.42.0-win32-x64\jre\21.0.7-win32-x86_64\bin\management_ext.dll
Event: 21.297 Loaded shared library C:\Users\Adish\AppData\Local\Temp\jna-63112539\jna13875249216652510489.dll
Event: 22.318 Loaded shared library C:\Users\Adish\.vscode\extensions\redhat.java-1.42.0-win32-x64\jre\21.0.7-win32-x86_64\bin\sunmscapi.dll
Event: 22.517 Loaded shared library C:\Users\Adish\.vscode\extensions\redhat.java-1.42.0-win32-x64\jre\21.0.7-win32-x86_64\bin\extnet.dll
Event: 26.546 Loaded shared library C:\Users\Adish\.gradle\native\c067742578af261105cb4f569cf0c3c89f3d7b1fecec35dd04571415982c5e48\windows-amd64\native-platform.dll

Deoptimization events (20 events):
Event: 52.330 Thread 0x0000016c1e619a90 Uncommon trap: trap_request=0xffffff45 fr.pc=0x0000016bc9ebb770 relative=0x0000000000000150
Event: 52.330 Thread 0x0000016c1e619a90 Uncommon trap: reason=unstable_if action=reinterpret pc=0x0000016bc9ebb770 method=com.esotericsoftware.kryo.io.Input.read([BII)I @ 64 c2
Event: 52.330 Thread 0x0000016c1e619a90 DEOPT PACKING pc=0x0000016bc9ebb770 sp=0x0000000ae50fd450
Event: 52.330 Thread 0x0000016c1e619a90 DEOPT UNPACKING pc=0x0000016bc94f3aa2 sp=0x0000000ae50fd388 mode 2
Event: 52.459 Thread 0x0000016c1e619a90 Uncommon trap: trap_request=0xffffff45 fr.pc=0x0000016bc9ebbc70 relative=0x0000000000000150
Event: 52.459 Thread 0x0000016c1e619a90 Uncommon trap: reason=unstable_if action=reinterpret pc=0x0000016bc9ebbc70 method=com.esotericsoftware.kryo.io.Input.read([BII)I @ 64 c2
Event: 52.459 Thread 0x0000016c1e619a90 DEOPT PACKING pc=0x0000016bc9ebbc70 sp=0x0000000ae50fd410
Event: 52.459 Thread 0x0000016c1e619a90 DEOPT UNPACKING pc=0x0000016bc94f3aa2 sp=0x0000000ae50fd3c0 mode 2
Event: 52.603 Thread 0x0000016c1e619a90 Uncommon trap: trap_request=0xffffff45 fr.pc=0x0000016bc9eca340 relative=0x0000000000000260
Event: 52.603 Thread 0x0000016c1e619a90 Uncommon trap: reason=unstable_if action=reinterpret pc=0x0000016bc9eca340 method=com.esotericsoftware.kryo.io.Input.read([BII)I @ 64 c2
Event: 52.603 Thread 0x0000016c1e619a90 DEOPT PACKING pc=0x0000016bc9eca340 sp=0x0000000ae50fce70
Event: 52.603 Thread 0x0000016c1e619a90 DEOPT UNPACKING pc=0x0000016bc94f3aa2 sp=0x0000000ae50fcc78 mode 2
Event: 52.802 Thread 0x0000016c1e619a90 Uncommon trap: trap_request=0xffffff45 fr.pc=0x0000016bc9ecb3bc relative=0x000000000000025c
Event: 52.802 Thread 0x0000016c1e619a90 Uncommon trap: reason=unstable_if action=reinterpret pc=0x0000016bc9ecb3bc method=com.esotericsoftware.kryo.io.Input.read([BII)I @ 64 c2
Event: 52.802 Thread 0x0000016c1e619a90 DEOPT PACKING pc=0x0000016bc9ecb3bc sp=0x0000000ae50fd640
Event: 52.802 Thread 0x0000016c1e619a90 DEOPT UNPACKING pc=0x0000016bc94f3aa2 sp=0x0000000ae50fd448 mode 2
Event: 52.854 Thread 0x0000016c1e619a90 Uncommon trap: trap_request=0xffffff45 fr.pc=0x0000016bc9ec4a78 relative=0x00000000000001b8
Event: 52.854 Thread 0x0000016c1e619a90 Uncommon trap: reason=unstable_if action=reinterpret pc=0x0000016bc9ec4a78 method=com.esotericsoftware.kryo.io.Input.read([BII)I @ 64 c2
Event: 52.854 Thread 0x0000016c1e619a90 DEOPT PACKING pc=0x0000016bc9ec4a78 sp=0x0000000ae50fce60
Event: 52.854 Thread 0x0000016c1e619a90 DEOPT UNPACKING pc=0x0000016bc94f3aa2 sp=0x0000000ae50fcd20 mode 2

Classes loaded (20 events):
Event: 36.169 Loading class java/io/ObjectInputStream$HandleTable$HandleList
Event: 36.169 Loading class java/io/ObjectInputStream$HandleTable$HandleList done
Event: 36.169 Loading class java/io/ObjectInputStream$ValidationList
Event: 36.170 Loading class java/io/ObjectInputStream$ValidationList done
Event: 36.170 Loading class java/io/ObjectInputFilter$Config
Event: 36.170 Loading class java/io/ObjectInputFilter$Config done
Event: 36.170 Loading class java/io/ObjectInputFilter
Event: 36.170 Loading class java/io/ObjectInputFilter done
Event: 36.171 Loading class java/io/ObjectInputFilter$Config$BuiltinFilterFactory
Event: 36.171 Loading class java/io/ObjectInputFilter$Config$BuiltinFilterFactory done
Event: 36.171 Loading class jdk/internal/access/JavaObjectInputFilterAccess
Event: 36.171 Loading class jdk/internal/access/JavaObjectInputFilterAccess done
Event: 36.172 Loading class jdk/internal/event/DeserializationEvent
Event: 36.173 Loading class jdk/internal/event/DeserializationEvent done
Event: 36.177 Loading class java/io/ObjectInputStream$FieldValues
Event: 36.177 Loading class java/io/ObjectInputStream$GetField
Event: 36.177 Loading class java/io/ObjectInputStream$GetField done
Event: 36.178 Loading class java/io/ObjectInputStream$FieldValues done
Event: 59.869 Loading class sun/net/ConnectionResetException
Event: 59.869 Loading class sun/net/ConnectionResetException done

Classes unloaded (14 events):
Event: 20.324 Thread 0x0000016c141a2600 Unloading class 0x0000016bd41ac400 'java/lang/invoke/LambdaForm$MH+0x0000016bd41ac400'
Event: 20.324 Thread 0x0000016c141a2600 Unloading class 0x0000016bd41ac000 'java/lang/invoke/LambdaForm$MH+0x0000016bd41ac000'
Event: 20.324 Thread 0x0000016c141a2600 Unloading class 0x0000016bd41abc00 'java/lang/invoke/LambdaForm$MH+0x0000016bd41abc00'
Event: 20.324 Thread 0x0000016c141a2600 Unloading class 0x0000016bd41ab800 'java/lang/invoke/LambdaForm$MH+0x0000016bd41ab800'
Event: 20.324 Thread 0x0000016c141a2600 Unloading class 0x0000016bd41ab400 'java/lang/invoke/LambdaForm$BMH+0x0000016bd41ab400'
Event: 20.324 Thread 0x0000016c141a2600 Unloading class 0x0000016bd41ab000 'java/lang/invoke/LambdaForm$DMH+0x0000016bd41ab000'
Event: 20.324 Thread 0x0000016c141a2600 Unloading class 0x0000016bd41a9c00 'java/lang/invoke/LambdaForm$DMH+0x0000016bd41a9c00'
Event: 22.048 Thread 0x0000016c141a2600 Unloading class 0x0000016bd4306800 'java/lang/invoke/LambdaForm$MH+0x0000016bd4306800'
Event: 22.048 Thread 0x0000016c141a2600 Unloading class 0x0000016bd4305c00 'java/lang/invoke/LambdaForm$MH+0x0000016bd4305c00'
Event: 22.048 Thread 0x0000016c141a2600 Unloading class 0x0000016bd4305400 'java/lang/invoke/LambdaForm$MH+0x0000016bd4305400'
Event: 22.048 Thread 0x0000016c141a2600 Unloading class 0x0000016bd4304c00 'java/lang/invoke/LambdaForm$MH+0x0000016bd4304c00'
Event: 22.048 Thread 0x0000016c141a2600 Unloading class 0x0000016bd4304400 'java/lang/invoke/LambdaForm$DMH+0x0000016bd4304400'
Event: 22.048 Thread 0x0000016c141a2600 Unloading class 0x0000016bd4303c00 'java/lang/invoke/LambdaForm$MH+0x0000016bd4303c00'
Event: 28.229 Thread 0x0000016c141a2600 Unloading class 0x0000016bd459c400 'java/lang/invoke/LambdaForm$DMH+0x0000016bd459c400'

Classes redefined (0 events):
No events

Internal exceptions (20 events):
Event: 29.862 Thread 0x0000016c1e619a90 Exception <a 'java/lang/NoSuchMethodError'{0x00000000eb26b1c8}: 'long java.lang.invoke.Invokers$Holder.invokeExact_MT(java.lang.Object, java.lang.Object)'> (0x00000000eb26b1c8) 
thrown [s\src\hotspot\share\interpreter\linkResolver.cpp, line 773]
Event: 30.838 Thread 0x0000016c1e619a90 Exception <a 'java/lang/NoSuchMethodError'{0x00000000eaf665a8}: 'long java.lang.invoke.DirectMethodHandle$Holder.invokeVirtual(java.lang.Object, java.lang.Object)'> (0x00000000eaf665a8) 
thrown [s\src\hotspot\share\interpreter\linkResolver.cpp, line 773]
Event: 30.838 Thread 0x0000016c1e619a90 Exception <a 'java/lang/NoSuchMethodError'{0x00000000eaf699a8}: 'long java.lang.invoke.DelegatingMethodHandle$Holder.reinvoke_L(java.lang.Object, java.lang.Object)'> (0x00000000eaf699a8) 
thrown [s\src\hotspot\share\interpreter\linkResolver.cpp, line 773]
Event: 32.752 Thread 0x0000016c1a60b0c0 Implicit null exception at 0x0000016bc9d40e93 to 0x0000016bc9d412dc
Event: 34.838 Thread 0x0000016c1e619a90 Exception <a 'java/lang/NoSuchMethodError'{0x00000000eb1a1528}: static Lorg/gradle/tooling/internal/provider/serialization/ClassLoaderDetails;.<clinit>()V> (0x00000000eb1a1528) 
thrown [s\src\hotspot\share\prims\jni.cpp, line 1111]
Event: 34.846 Thread 0x0000016c1e619a90 Exception <a 'java/lang/NoSuchMethodError'{0x00000000eb1c4698}: static Lorg/gradle/tooling/internal/provider/serialization/WellKnownClassLoaderRegistry$KnownClassLoaderSpec;.<clinit>()V> (0x00000000eb1c4698) 
thrown [s\src\hotspot\share\prims\jni.cpp, line 1111]
Event: 34.847 Thread 0x0000016c1e619a90 Exception <a 'java/lang/NoSuchMethodError'{0x00000000eb1c5f40}: static Lorg/gradle/internal/classloader/ClassLoaderSpec;.<clinit>()V> (0x00000000eb1c5f40) 
thrown [s\src\hotspot\share\prims\jni.cpp, line 1111]
Event: 34.850 Thread 0x0000016c1e619a90 Exception <a 'java/lang/NoSuchMethodError'{0x00000000eb1e2cc0}: static Lorg/gradle/tooling/internal/provider/serialization/ClientOwnedClassLoaderSpec;.<clinit>()V> (0x00000000eb1e2cc0) 
thrown [s\src\hotspot\share\prims\jni.cpp, line 1111]
Event: 34.860 Thread 0x0000016c1e619a90 Exception <a 'java/lang/NoSuchMethodError'{0x00000000eb22fe98}: static [Ljava/lang/Object;.<clinit>()V> (0x00000000eb22fe98) 
thrown [s\src\hotspot\share\prims\jni.cpp, line 1111]
Event: 36.175 Thread 0x0000016c1e619a90 Exception <a 'java/lang/NoSuchMethodError'{0x00000000eb2fbaf8}: static Lorg/gradle/internal/build/event/types/AbstractProgressEvent;.<clinit>()V> (0x00000000eb2fbaf8) 
thrown [s\src\hotspot\share\prims\jni.cpp, line 1111]
Event: 36.176 Thread 0x0000016c1e619a90 Exception <a 'java/lang/NoSuchMethodError'{0x00000000eb3096b0}: static Lorg/gradle/internal/build/event/types/DefaultOperationStartedProgressEvent;.<clinit>()V> (0x00000000eb3096b0) 
thrown [s\src\hotspot\share\prims\jni.cpp, line 1111]
Event: 36.179 Thread 0x0000016c1e619a90 Exception <a 'java/lang/NoSuchMethodError'{0x00000000eb327288}: static Lorg/gradle/internal/build/event/types/DefaultOperationDescriptor;.<clinit>()V> (0x00000000eb327288) 
thrown [s\src\hotspot\share\prims\jni.cpp, line 1111]
Event: 36.180 Thread 0x0000016c1e619a90 Exception <a 'java/lang/NoSuchMethodError'{0x00000000eb3359e8}: static Lorg/gradle/internal/operations/OperationIdentifier;.<clinit>()V> (0x00000000eb3359e8) 
thrown [s\src\hotspot\share\prims\jni.cpp, line 1111]
Event: 37.467 Thread 0x0000016c1e619a90 Exception <a 'java/lang/NoSuchMethodError'{0x00000000eb378ae0}: static Lorg/gradle/internal/build/event/types/DefaultOperationFinishedProgressEvent;.<clinit>()V> (0x00000000eb378ae0) 
thrown [s\src\hotspot\share\prims\jni.cpp, line 1111]
Event: 37.469 Thread 0x0000016c1e619a90 Exception <a 'java/lang/NoSuchMethodError'{0x00000000eb3a8b58}: static Lorg/gradle/internal/build/event/types/AbstractResult;.<clinit>()V> (0x00000000eb3a8b58) 
thrown [s\src\hotspot\share\prims\jni.cpp, line 1111]
Event: 37.470 Thread 0x0000016c1e619a90 Exception <a 'java/lang/NoSuchMethodError'{0x00000000eb3b64b0}: static Lorg/gradle/internal/build/event/types/AbstractOperationResult;.<clinit>()V> (0x00000000eb3b64b0) 
thrown [s\src\hotspot\share\prims\jni.cpp, line 1111]
Event: 37.471 Thread 0x0000016c1e619a90 Exception <a 'java/lang/NoSuchMethodError'{0x00000000eb3c43d0}: static Lorg/gradle/internal/build/event/types/DefaultSuccessResult;.<clinit>()V> (0x00000000eb3c43d0) 
thrown [s\src\hotspot\share\prims\jni.cpp, line 1111]
Event: 48.453 Thread 0x0000016c1e619a90 Exception <a 'java/lang/NoSuchMethodError'{0x00000000eb584860}: static Lorg/gradle/internal/build/event/types/DefaultBuildPhaseDescriptor;.<clinit>()V> (0x00000000eb584860) 
thrown [s\src\hotspot\share\prims\jni.cpp, line 1111]
Event: 49.381 Thread 0x0000016c1e619a90 Exception <a 'java/lang/NoSuchMethodError'{0x00000000eab558e0}: static Lorg/gradle/internal/build/event/types/DefaultProjectConfigurationDescriptor;.<clinit>()V> (0x00000000eab558e0) 
thrown [s\src\hotspot\share\prims\jni.cpp, line 1111]
Event: 59.869 Thread 0x0000016c1e619a90 Exception <a 'sun/net/ConnectionResetException'{0x00000000eaeccdf0}: Connection reset> (0x00000000eaeccdf0) 
thrown [s\src\hotspot\share\prims\jni.cpp, line 539]

ZGC Phase Switch (0 events):
No events

VM Operations (20 events):
Event: 48.949 Executing VM operation: Cleanup
Event: 48.949 Executing VM operation: Cleanup done
Event: 49.179 Executing VM operation: ParallelGCFailedAllocation (Allocation Failure)
Event: 49.182 Executing VM operation: ParallelGCFailedAllocation (Allocation Failure) done
Event: 50.182 Executing VM operation: Cleanup
Event: 50.182 Executing VM operation: Cleanup done
Event: 51.183 Executing VM operation: Cleanup
Event: 51.183 Executing VM operation: Cleanup done
Event: 52.183 Executing VM operation: Cleanup
Event: 52.183 Executing VM operation: Cleanup done
Event: 52.767 Executing VM operation: ParallelGCFailedAllocation (Allocation Failure)
Event: 52.770 Executing VM operation: ParallelGCFailedAllocation (Allocation Failure) done
Event: 53.771 Executing VM operation: Cleanup
Event: 53.771 Executing VM operation: Cleanup done
Event: 55.771 Executing VM operation: Cleanup
Event: 55.771 Executing VM operation: Cleanup done
Event: 56.771 Executing VM operation: Cleanup
Event: 56.771 Executing VM operation: Cleanup done
Event: 59.772 Executing VM operation: Cleanup
Event: 59.772 Executing VM operation: Cleanup done

Memory protections (0 events):
No events

Nmethod flushes (20 events):
Event: 28.243 Thread 0x0000016c141a2600 flushing  nmethod 0x0000016bc2871e10
Event: 28.243 Thread 0x0000016c141a2600 flushing  nmethod 0x0000016bc287cb90
Event: 28.243 Thread 0x0000016c141a2600 flushing  nmethod 0x0000016bc287f690
Event: 28.243 Thread 0x0000016c141a2600 flushing  nmethod 0x0000016bc288a710
Event: 28.243 Thread 0x0000016c141a2600 flushing  nmethod 0x0000016bc2894390
Event: 28.243 Thread 0x0000016c141a2600 flushing  nmethod 0x0000016bc28b5490
Event: 28.243 Thread 0x0000016c141a2600 flushing  nmethod 0x0000016bc28bd290
Event: 28.243 Thread 0x0000016c141a2600 flushing  nmethod 0x0000016bc28be510
Event: 28.243 Thread 0x0000016c141a2600 flushing  nmethod 0x0000016bc28bf390
Event: 28.243 Thread 0x0000016c141a2600 flushing  nmethod 0x0000016bc28bf990
Event: 28.243 Thread 0x0000016c141a2600 flushing  nmethod 0x0000016bc28c0210
Event: 28.243 Thread 0x0000016c141a2600 flushing  nmethod 0x0000016bc28c1d10
Event: 28.243 Thread 0x0000016c141a2600 flushing  nmethod 0x0000016bc28c3990
Event: 28.243 Thread 0x0000016c141a2600 flushing  nmethod 0x0000016bc28cba10
Event: 28.243 Thread 0x0000016c141a2600 flushing  nmethod 0x0000016bc28d0190
Event: 28.243 Thread 0x0000016c141a2600 flushing  nmethod 0x0000016bc28e1d10
Event: 28.243 Thread 0x0000016c141a2600 flushing  nmethod 0x0000016bc28fa510
Event: 28.243 Thread 0x0000016c141a2600 flushing  nmethod 0x0000016bc2904c10
Event: 28.243 Thread 0x0000016c141a2600 flushing  nmethod 0x0000016bc2906e10
Event: 28.243 Thread 0x0000016c141a2600 flushing  nmethod 0x0000016bc2955710

Events (20 events):
Event: 29.074 Thread 0x0000016c1bddde60 Thread added: 0x0000016c1e618d70
Event: 29.088 Thread 0x0000016c1e618d70 Thread exited: 0x0000016c1e618d70
Event: 29.090 Thread 0x0000016c1bddde60 Thread added: 0x0000016c1e617330
Event: 29.093 Thread 0x0000016c1bddde60 Thread added: 0x0000016c1e619a90
Event: 30.849 Thread 0x0000016c1e619a90 Thread added: 0x0000016c1e61dc30
Event: 30.949 Thread 0x0000016c1e619a90 Thread added: 0x0000016c1e61b4d0
Event: 30.955 Thread 0x0000016c1e61b4d0 Thread added: 0x0000016c1e618d70
Event: 30.955 Thread 0x0000016c1e61b4d0 Thread added: 0x0000016c1e61e2c0
Event: 30.959 Thread 0x0000016c1e618d70 Thread exited: 0x0000016c1e618d70
Event: 33.414 Thread 0x0000016c1bddc420 Thread exited: 0x0000016c1bddc420
Event: 34.549 Thread 0x0000016c1e61e2c0 Thread exited: 0x0000016c1e61e2c0
Event: 34.549 Thread 0x0000016c1e61b4d0 Thread exited: 0x0000016c1e61b4d0
Event: 35.104 Thread 0x0000016c1c9d60e0 Thread exited: 0x0000016c1c9d60e0
Event: 35.104 Thread 0x0000016c1c9d4d30 Thread exited: 0x0000016c1c9d4d30
Event: 35.104 Thread 0x0000016c1c9d5a50 Thread exited: 0x0000016c1c9d5a50
Event: 35.104 Thread 0x0000016c1c9d6770 Thread exited: 0x0000016c1c9d6770
Event: 35.104 Thread 0x0000016c1c9d4010 Thread exited: 0x0000016c1c9d4010
Event: 35.104 Thread 0x0000016c1c9d6e00 Thread exited: 0x0000016c1c9d6e00
Event: 35.105 Thread 0x0000016c1c9d46a0 Thread exited: 0x0000016c1c9d46a0
Event: 35.105 Thread 0x0000016c1c9d53c0 Thread exited: 0x0000016c1c9d53c0


Dynamic libraries:
0x00007ff69ca20000 - 0x00007ff69ca2e000 	c:\Users\Adish\.vscode\extensions\redhat.java-1.42.0-win32-x64\jre\21.0.7-win32-x86_64\bin\java.exe
0x00007ffcadd10000 - 0x00007ffcadf27000 	C:\WINDOWS\SYSTEM32\ntdll.dll
0x00007ffcabe40000 - 0x00007ffcabf04000 	C:\WINDOWS\System32\KERNEL32.DLL
0x00007ffcaafa0000 - 0x00007ffcab373000 	C:\WINDOWS\System32\KERNELBASE.dll
0x00007ffcab380000 - 0x00007ffcab491000 	C:\WINDOWS\System32\ucrtbase.dll
0x00007ffc93260000 - 0x00007ffc9327e000 	c:\Users\Adish\.vscode\extensions\redhat.java-1.42.0-win32-x64\jre\21.0.7-win32-x86_64\bin\VCRUNTIME140.dll
0x00007ffc94b90000 - 0x00007ffc94ba8000 	c:\Users\Adish\.vscode\extensions\redhat.java-1.42.0-win32-x64\jre\21.0.7-win32-x86_64\bin\jli.dll
0x00007ffcabb40000 - 0x00007ffcabcf1000 	C:\WINDOWS\System32\USER32.dll
0x00007ffc95b70000 - 0x00007ffc95e08000 	C:\WINDOWS\WinSxS\amd64_microsoft.windows.common-controls_6595b64144ccf1df_6.0.22621.5124_none_270e8f4f7386d69d\COMCTL32.dll
0x00007ffcaaec0000 - 0x00007ffcaaee6000 	C:\WINDOWS\System32\win32u.dll
0x00007ffcaba60000 - 0x00007ffcabb07000 	C:\WINDOWS\System32\msvcrt.dll
0x00007ffcabb10000 - 0x00007ffcabb39000 	C:\WINDOWS\System32\GDI32.dll
0x00007ffcab890000 - 0x00007ffcab9ab000 	C:\WINDOWS\System32\gdi32full.dll
0x00007ffcaae20000 - 0x00007ffcaaeba000 	C:\WINDOWS\System32\msvcp_win.dll
0x00007ffcac140000 - 0x00007ffcac171000 	C:\WINDOWS\System32\IMM32.DLL
0x00007ffca3e10000 - 0x00007ffca3e1c000 	c:\Users\Adish\.vscode\extensions\redhat.java-1.42.0-win32-x64\jre\21.0.7-win32-x86_64\bin\vcruntime140_1.dll
0x00007ffc900d0000 - 0x00007ffc9015d000 	c:\Users\Adish\.vscode\extensions\redhat.java-1.42.0-win32-x64\jre\21.0.7-win32-x86_64\bin\msvcp140.dll
0x00007ffc203e0000 - 0x00007ffc21170000 	c:\Users\Adish\.vscode\extensions\redhat.java-1.42.0-win32-x64\jre\21.0.7-win32-x86_64\bin\server\jvm.dll
0x00007ffcac7a0000 - 0x00007ffcac851000 	C:\WINDOWS\System32\ADVAPI32.dll
0x00007ffcac860000 - 0x00007ffcac908000 	C:\WINDOWS\System32\sechost.dll
0x00007ffcaaf70000 - 0x00007ffcaaf98000 	C:\WINDOWS\System32\bcrypt.dll
0x00007ffcacc50000 - 0x00007ffcacd64000 	C:\WINDOWS\System32\RPCRT4.dll
0x00007ffcac6a0000 - 0x00007ffcac711000 	C:\WINDOWS\System32\WS2_32.dll
0x00007ffcaab40000 - 0x00007ffcaab8d000 	C:\WINDOWS\SYSTEM32\POWRPROF.dll
0x00007ffca3bb0000 - 0x00007ffca3bba000 	C:\WINDOWS\SYSTEM32\VERSION.dll
0x00007ffca3eb0000 - 0x00007ffca3ee4000 	C:\WINDOWS\SYSTEM32\WINMM.dll
0x00007ffcaab20000 - 0x00007ffcaab33000 	C:\WINDOWS\SYSTEM32\UMPDC.dll
0x00007ffca9e10000 - 0x00007ffca9e28000 	C:\WINDOWS\SYSTEM32\kernel.appcore.dll
0x00007ffc96a30000 - 0x00007ffc96a3a000 	c:\Users\Adish\.vscode\extensions\redhat.java-1.42.0-win32-x64\jre\21.0.7-win32-x86_64\bin\jimage.dll
0x00007ffc980f0000 - 0x00007ffc98322000 	C:\WINDOWS\SYSTEM32\DBGHELP.DLL
0x00007ffcad820000 - 0x00007ffcadbb2000 	C:\WINDOWS\System32\combase.dll
0x00007ffcabd60000 - 0x00007ffcabe37000 	C:\WINDOWS\System32\OLEAUT32.dll
0x00007ffc89ef0000 - 0x00007ffc89f22000 	C:\WINDOWS\SYSTEM32\dbgcore.DLL
0x00007ffcaaef0000 - 0x00007ffcaaf6b000 	C:\WINDOWS\System32\bcryptPrimitives.dll
0x00007ffca68f0000 - 0x00007ffca68ff000 	c:\Users\Adish\.vscode\extensions\redhat.java-1.42.0-win32-x64\jre\21.0.7-win32-x86_64\bin\instrument.dll
0x00007ffc93240000 - 0x00007ffc9325f000 	c:\Users\Adish\.vscode\extensions\redhat.java-1.42.0-win32-x64\jre\21.0.7-win32-x86_64\bin\java.dll
0x00007ffcacf30000 - 0x00007ffcad7c6000 	C:\WINDOWS\System32\SHELL32.dll
0x00007ffcab610000 - 0x00007ffcab74f000 	C:\WINDOWS\System32\wintypes.dll
0x00007ffca8cf0000 - 0x00007ffca960a000 	C:\WINDOWS\SYSTEM32\windows.storage.dll
0x00007ffcaca90000 - 0x00007ffcacb9a000 	C:\WINDOWS\System32\SHCORE.dll
0x00007ffcac720000 - 0x00007ffcac783000 	C:\WINDOWS\System32\shlwapi.dll
0x00007ffcaad50000 - 0x00007ffcaad7b000 	C:\WINDOWS\SYSTEM32\profapi.dll
0x00007ffc92e50000 - 0x00007ffc92e68000 	c:\Users\Adish\.vscode\extensions\redhat.java-1.42.0-win32-x64\jre\21.0.7-win32-x86_64\bin\zip.dll
0x00007ffc967a0000 - 0x00007ffc967b0000 	C:\Users\Adish\.vscode\extensions\redhat.java-1.42.0-win32-x64\jre\21.0.7-win32-x86_64\bin\net.dll
0x00007ffca69a0000 - 0x00007ffca6acc000 	C:\WINDOWS\SYSTEM32\WINHTTP.dll
0x00007ffcaa290000 - 0x00007ffcaa2fa000 	C:\WINDOWS\system32\mswsock.dll
0x00007ffc92e30000 - 0x00007ffc92e46000 	C:\Users\Adish\.vscode\extensions\redhat.java-1.42.0-win32-x64\jre\21.0.7-win32-x86_64\bin\nio.dll
0x00007ffca63d0000 - 0x00007ffca63e0000 	c:\Users\Adish\.vscode\extensions\redhat.java-1.42.0-win32-x64\jre\21.0.7-win32-x86_64\bin\verify.dll
0x00007ffc8e650000 - 0x00007ffc8e695000 	C:\Users\Adish\AppData\Roaming\Code\User\globalStorage\redhat.java\1.42.0\config_win\org.eclipse.equinox.launcher\org.eclipse.equinox.launcher.win32.win32.x86_64_1.2.1300.v20250331-1702\eclipse_11911.dll
0x00007ffcabf90000 - 0x00007ffcac131000 	C:\WINDOWS\System32\ole32.dll
0x00007ffc95af0000 - 0x00007ffc95afa000 	C:\Users\Adish\.vscode\extensions\redhat.java-1.42.0-win32-x64\jre\21.0.7-win32-x86_64\bin\management.dll
0x00007ffc95990000 - 0x00007ffc9599b000 	C:\Users\Adish\.vscode\extensions\redhat.java-1.42.0-win32-x64\jre\21.0.7-win32-x86_64\bin\management_ext.dll
0x00007ffcac690000 - 0x00007ffcac698000 	C:\WINDOWS\System32\PSAPI.DLL
0x00007ffcaa4c0000 - 0x00007ffcaa4db000 	C:\WINDOWS\SYSTEM32\CRYPTSP.dll
0x00007ffca9d70000 - 0x00007ffca9da7000 	C:\WINDOWS\system32\rsaenh.dll
0x00007ffcaa350000 - 0x00007ffcaa378000 	C:\WINDOWS\SYSTEM32\USERENV.dll
0x00007ffcaa4e0000 - 0x00007ffcaa4ec000 	C:\WINDOWS\SYSTEM32\CRYPTBASE.dll
0x00007ffca9870000 - 0x00007ffca989d000 	C:\WINDOWS\SYSTEM32\IPHLPAPI.DLL
0x00007ffcac790000 - 0x00007ffcac799000 	C:\WINDOWS\System32\NSI.dll
0x00007ffc80430000 - 0x00007ffc80479000 	C:\Users\Adish\AppData\Local\Temp\jna-63112539\jna13875249216652510489.dll
0x00007ffca6810000 - 0x00007ffca6829000 	C:\WINDOWS\SYSTEM32\dhcpcsvc6.DLL
0x00007ffca6770000 - 0x00007ffca678f000 	C:\WINDOWS\SYSTEM32\dhcpcsvc.DLL
0x00007ffc95870000 - 0x00007ffc9587e000 	C:\Users\Adish\.vscode\extensions\redhat.java-1.42.0-win32-x64\jre\21.0.7-win32-x86_64\bin\sunmscapi.dll
0x00007ffcab4a0000 - 0x00007ffcab607000 	C:\WINDOWS\System32\CRYPT32.dll
0x00007ffcaa750000 - 0x00007ffcaa77d000 	C:\WINDOWS\SYSTEM32\ncrypt.dll
0x00007ffcaa710000 - 0x00007ffcaa747000 	C:\WINDOWS\SYSTEM32\NTASN1.dll
0x00007ffca98e0000 - 0x00007ffca99e2000 	C:\WINDOWS\SYSTEM32\DNSAPI.dll
0x00007ffca1420000 - 0x00007ffca142a000 	C:\Windows\System32\rasadhlp.dll
0x00007ffca3780000 - 0x00007ffca3803000 	C:\WINDOWS\System32\fwpuclnt.dll
0x00007ffc94f70000 - 0x00007ffc94f79000 	C:\Users\Adish\.vscode\extensions\redhat.java-1.42.0-win32-x64\jre\21.0.7-win32-x86_64\bin\extnet.dll
0x00007ffc93360000 - 0x00007ffc93387000 	C:\Users\Adish\.gradle\native\c067742578af261105cb4f569cf0c3c89f3d7b1fecec35dd04571415982c5e48\windows-amd64\native-platform.dll
0x00007ffca40b0000 - 0x00007ffca40b8000 	C:\WINDOWS\system32\wshunix.dll

dbghelp: loaded successfully - version: 4.0.5 - missing functions: none
symbol engine: initialized successfully - sym options: 0x614 - pdb path: .;c:\Users\Adish\.vscode\extensions\redhat.java-1.42.0-win32-x64\jre\21.0.7-win32-x86_64\bin;C:\WINDOWS\SYSTEM32;C:\WINDOWS\WinSxS\amd64_microsoft.windows.common-controls_6595b64144ccf1df_6.0.22621.5124_none_270e8f4f7386d69d;c:\Users\Adish\.vscode\extensions\redhat.java-1.42.0-win32-x64\jre\21.0.7-win32-x86_64\bin\server;C:\Users\Adish\AppData\Roaming\Code\User\globalStorage\redhat.java\1.42.0\config_win\org.eclipse.equinox.launcher\org.eclipse.equinox.launcher.win32.win32.x86_64_1.2.1300.v20250331-1702;C:\Users\Adish\AppData\Local\Temp\jna-63112539;C:\Users\Adish\.gradle\native\c067742578af261105cb4f569cf0c3c89f3d7b1fecec35dd04571415982c5e48\windows-amd64

VM Arguments:
jvm_args: --add-modules=ALL-SYSTEM --add-opens=java.base/java.util=ALL-UNNAMED --add-opens=java.base/java.lang=ALL-UNNAMED --add-opens=java.base/sun.nio.fs=ALL-UNNAMED -Declipse.application=org.eclipse.jdt.ls.core.id1 -Dosgi.bundles.defaultStartLevel=4 -Declipse.product=org.eclipse.jdt.ls.core.product -Djava.import.generatesMetadataFilesAtProjectRoot=false -DDetectVMInstallationsJob.disabled=true -Dfile.encoding=utf8 -XX:+UseParallelGC -XX:GCTimeRatio=4 -XX:AdaptiveSizePolicyWeight=90 -Dsun.zip.disableMemoryMapping=true -Xmx1G -Xms100m -Xlog:disable -javaagent:c:\Users\Adish\.vscode\extensions\redhat.java-1.42.0-win32-x64\lombok\lombok-1.18.36.jar -XX:+HeapDumpOnOutOfMemoryError -XX:HeapDumpPath=c:\Users\Adish\AppData\Roaming\Code\User\workspaceStorage\0483328f2fe65e44ffaa8435100512e4\redhat.java -Daether.dependencyCollector.impl=bf 
java_command: c:\Users\Adish\.vscode\extensions\redhat.java-1.42.0-win32-x64\server\plugins\org.eclipse.equinox.launcher_1.7.0.v20250424-1814.jar -configuration c:\Users\Adish\AppData\Roaming\Code\User\globalStorage\redhat.java\1.42.0\config_win -data c:\Users\Adish\AppData\Roaming\Code\User\workspaceStorage\0483328f2fe65e44ffaa8435100512e4\redhat.java\jdt_ws --pipe=\\.\pipe\lsp-40ccf5fff07087372832e0275834a4c5-sock
java_class_path (initial): c:\Users\Adish\.vscode\extensions\redhat.java-1.42.0-win32-x64\server\plugins\org.eclipse.equinox.launcher_1.7.0.v20250424-1814.jar
Launcher Type: SUN_STANDARD

[Global flags]
    uintx AdaptiveSizePolicyWeight                 = 90                                        {product} {command line}
     intx CICompilerCount                          = 4                                         {product} {ergonomic}
    uintx GCTimeRatio                              = 4                                         {product} {command line}
     bool HeapDumpOnOutOfMemoryError               = true                                   {manageable} {command line}
    ccstr HeapDumpPath                             = c:\Users\Adish\AppData\Roaming\Code\User\workspaceStorage\0483328f2fe65e44ffaa8435100512e4\redhat.java         {manageable} {command line}
   size_t InitialHeapSize                          = 104857600                                 {product} {command line}
   size_t MaxHeapSize                              = 1073741824                                {product} {command line}
   size_t MaxNewSize                               = 357564416                                 {product} {ergonomic}
   size_t MinHeapDeltaBytes                        = 524288                                    {product} {ergonomic}
   size_t MinHeapSize                              = 104857600                                 {product} {command line}
   size_t NewSize                                  = 34603008                                  {product} {ergonomic}
    uintx NonNMethodCodeHeapSize                   = 5839372                                {pd product} {ergonomic}
    uintx NonProfiledCodeHeapSize                  = 122909434                              {pd product} {ergonomic}
   size_t OldSize                                  = 70254592                                  {product} {ergonomic}
    uintx ProfiledCodeHeapSize                     = 122909434                              {pd product} {ergonomic}
    uintx ReservedCodeCacheSize                    = 251658240                              {pd product} {ergonomic}
     bool SegmentedCodeCache                       = true                                      {product} {ergonomic}
   size_t SoftMaxHeapSize                          = 1073741824                             {manageable} {ergonomic}
     bool UseCompressedOops                        = true                           {product lp64_product} {ergonomic}
     bool UseLargePagesIndividualAllocation        = false                                  {pd product} {ergonomic}
     bool UseParallelGC                            = true                                      {product} {command line}

Logging:
Log output configuration:
 #0: stdout all=off uptime,level,tags foldmultilines=false
 #1: stderr all=off uptime,level,tags foldmultilines=false

Environment Variables:
PATH=C:\Program Files\Common Files\Oracle\Java\javapath;C:\Program Files (x86)\Common Files\Oracle\Java\javapath;C:\WINDOWS\system32;C:\WINDOWS;C:\WINDOWS\System32\Wbem;C:\WINDOWS\System32\WindowsPowerShell\v1.0\;C:\WINDOWS\System32\OpenSSH\;C:\Program Files\Git\cmd;C:\Program Files\PuTTY\;C:\Program Files\Git LFS;C:\TDM-GCC-64\bin;C:\Program Files\Cloudflare\Cloudflare WARP\;C:\Users\Adish\AppData\Local\Programs\Python\Python311\Scripts\;C:\Users\Adish\AppData\Local\Programs\Python\Python311\;C:\Users\Adish\AppData\Local\Microsoft\WindowsApps;C:\Users\Adish\AppData\Local\Programs\Microsoft VS Code\bin;C:\Users\Adish\OneDrive\Documents\flutter\bin;C:\Users\Adish\Documents\JAVA\Learn\Package;C:\Program Files\JetBrains\PyCharm Community Edition 2023.3.3\bin;;C:\dev\flutter\bin
USERNAME=Adish
OS=Windows_NT
PROCESSOR_IDENTIFIER=Intel64 Family 6 Model 142 Stepping 12, GenuineIntel
TMP=C:\Users\Adish\AppData\Local\Temp
TEMP=C:\Users\Adish\AppData\Local\Temp




Periodic native trim disabled

---------------  S Y S T E M  ---------------

OS:
 Windows 11 , 64 bit Build 22621 (10.0.22621.5124)
OS uptime: 3 days 5:29 hours
Hyper-V role detected

CPU: total 8 (initial active 8) (4 cores per cpu, 2 threads per core) family 6 model 142 stepping 12 microcode 0xde, cx8, cmov, fxsr, ht, mmx, 3dnowpref, sse, sse2, sse3, ssse3, sse4.1, sse4.2, popcnt, lzcnt, tsc, tscinvbit, avx, avx2, aes, erms, clmul, bmi1, bmi2, adx, fma, vzeroupper, clflush, clflushopt, hv, rdtscp, f16c
Processor Information for the first 8 processors :
  Max Mhz: 2112, Current Mhz: 1609, Mhz Limit: 1605

Memory: 4k page, system-wide physical 8022M (580M free)
TotalPageFile size 26772M (AvailPageFile size 329M)
current process WorkingSet (physical memory assigned to process): 249M, peak: 285M
current process commit charge ("private bytes"): 309M, peak: 346M

vm_info: OpenJDK 64-Bit Server VM (21.0.7+6-LTS) for windows-amd64 JRE (21.0.7+6-LTS), built on 2025-04-15T00:00:00Z by "admin" with MS VC++ 17.7 (VS2022)

END.
